* using log directory 'C:/Users/Piet/Nextcloud/Consulting/Forschungsprojekt/2023_ImproClean/AP3 Datenanalyseplattform/Scraping/Cleaner Package/Cleaner.Rcheck'
* using R version 4.2.0 (2022-04-22 ucrt)
* using platform: x86_64-w64-mingw32 (64-bit)
* using session charset: UTF-8
* using options '--no-manual --as-cran'
* checking for file 'Cleaner/DESCRIPTION' ... OK
* checking extension type ... Package
* this is package 'Cleaner' version '0.1.0'
* package encoding: UTF-8
* checking package namespace information ... OK
* checking package dependencies ... OK
* checking if this is a source package ... OK
* checking if there is a namespace ... OK
* checking for executable files ... OK
* checking for hidden files and directories ... OK
* checking for portable file names ... OK
* checking serialization versions ... OK
* checking whether package 'Cleaner' can be installed ... ERROR
Installation failed.
See 'C:/Users/Piet/Nextcloud/Consulting/Forschungsprojekt/2023_ImproClean/AP3 Datenanalyseplattform/Scraping/Cleaner Package/Cleaner.Rcheck/00install.out' for details.
* DONE
Status: 1 ERROR
